<?xml version="1.0" encoding="UTF-8"?>
<!-- Generated by org.testng.reporters.JUnitXMLReporter -->
<testsuite ignored="0" hostname="LAPTOP-P55MCDEA" failures="0" tests="1" name="Test-Runner-1" time="6.788" errors="0" timestamp="2025-06-18T11:21:26 IST">
  <testcase classname="inventoryTests.HighestProductToCartUsingAnnotationTest" name="tc_002__highestProductToCart" time="1.376"/>
</testsuite> <!-- Test-Runner-1 -->
