<?xml version="1.0" encoding="UTF-8"?>
<!-- Generated by org.testng.reporters.JUnitXMLReporter -->
<testsuite ignored="0" hostname="LAPTOP-P55MCDEA" failures="0" tests="2" name="Test-Runner-Firefox" time="13.26" errors="0" timestamp="2025-06-17T11:51:53 IST">
  <testcase classname="inventoryTests.AddProductToCartTestUsingAnnotation" name="demo" time="0.005"/>
  <testcase classname="inventoryTests.AddProductToCartTestUsingAnnotation" name="tc_001_AddProductToCartTest" time="0.815"/>
</testsuite> <!-- Test-Runner-Firefox -->
