<?xml version="1.0" encoding="UTF-8"?>
<!-- Generated by org.testng.reporters.JUnitXMLReporter -->
<testsuite ignored="0" hostname="LAPTOP-P55MCDEA" failures="0" tests="2" name="Test-Runner-Edge" time="10.039" errors="0" timestamp="2025-06-17T11:51:50 IST">
  <testcase classname="inventoryTests.AddProductToCartTestUsingAnnotation" name="demo" time="0.023"/>
  <testcase classname="inventoryTests.AddProductToCartTestUsingAnnotation" name="tc_001_AddProductToCartTest" time="3.318"/>
</testsuite> <!-- Test-Runner-Edge -->
