<?xml version="1.0" encoding="UTF-8"?>
<!-- Generated by org.testng.reporters.JUnitReportReporter -->
<testsuite hostname="LAPTOP-P55MCDEA" failures="0" tests="1" name="inventoryTests.HighestProductToCartUsingAnnotationTest" time="1.783" errors="0" timestamp="2025-06-21T13:08:54 IST" skipped="0">
  <testcase classname="inventoryTests.HighestProductToCartUsingAnnotationTest" name="tc_002__highestProductToCart" time="1.783"/>
</testsuite> <!-- inventoryTests.HighestProductToCartUsingAnnotationTest -->
