<?xml version="1.0" encoding="UTF-8"?>
<!-- Generated by org.testng.reporters.JUnitReportReporter -->
<testsuite hostname="LAPTOP-P55MCDEA" failures="0" tests="1" name="cartTests.DeleteProductFromCartTest" time="1.650" errors="0" timestamp="2025-06-18T11:44:52 IST" skipped="0">
  <testcase classname="cartTests.DeleteProductFromCartTest" name="tc_001_deleteProductFromCart" time="1.650"/>
</testsuite> <!-- cartTests.DeleteProductFromCartTest -->
