<?xml version="1.0" encoding="UTF-8"?>
<!-- Generated by org.testng.reporters.JUnitReportReporter -->
<testsuite hostname="LAPTOP-P55MCDEA" failures="0" tests="1" name="cartTests.CheckOutTest" time="1.504" errors="0" timestamp="2025-06-18T12:47:04 IST" skipped="0">
  <testcase classname="cartTests.CheckOutTest" name="tc_002_checkOut" time="1.504"/>
</testsuite> <!-- cartTests.CheckOutTest -->
