<?xml version="1.0" encoding="UTF-8"?>
<!-- Generated by org.testng.reporters.JUnitReportReporter -->
<testsuite hostname="LAPTOP-P55MCDEA" failures="0" tests="2" name="inventoryTests.AddProductToCartTestUsingAnnotation" time="3.381" errors="0" timestamp="2025-06-30T13:39:29 IST" skipped="0">
  <testcase classname="inventoryTests.AddProductToCartTestUsingAnnotation" name="demo" time="1.147"/>
  <testcase classname="inventoryTests.AddProductToCartTestUsingAnnotation" name="tc_001_AddProductToCartTest" time="2.234"/>
</testsuite> <!-- inventoryTests.AddProductToCartTestUsingAnnotation -->
