<?xml version="1.0" encoding="UTF-8"?>
<!-- Generated by org.testng.reporters.JUnitReportReporter -->
<testsuite hostname="LAPTOP-P55MCDEA" failures="0" tests="2" name="inventoryTests.AddProductToCartTestUsingAnnotation" time="2.224" errors="0" timestamp="2025-06-21T13:24:18 IST" skipped="0">
  <testcase classname="inventoryTests.AddProductToCartTestUsingAnnotation" name="tc_001_AddProductToCartTest" time="1.473"/>
  <testcase classname="inventoryTests.AddProductToCartTestUsingAnnotation" name="demo" time="0.751"/>
</testsuite> <!-- inventoryTests.AddProductToCartTestUsingAnnotation -->
