<?xml version="1.0" encoding="UTF-8"?>
<!-- Generated by org.testng.reporters.JUnitReportReporter -->
<testsuite hostname="LAPTOP-P55MCDEA" failures="0" tests="1" name="inventoryTests.AddProductToCartTest" time="11.283" errors="0" timestamp="2025-06-19T11:41:06 IST" skipped="0">
  <testcase classname="inventoryTests.AddProductToCartTest" name="tc_001_AddProductToCartTest" time="11.283"/>
</testsuite> <!-- inventoryTests.AddProductToCartTest -->
