<?xml version="1.0" encoding="UTF-8"?>
<!-- Generated by org.testng.reporters.JUnitReportReporter -->
<testsuite hostname="LAPTOP-P55MCDEA" failures="0" tests="4" name="practice.DataProviderPractice" time="0.016" errors="0" timestamp="2025-06-12T13:26:10 IST" skipped="0">
  <testcase classname="practice.DataProviderPractice" name="createCustomer" time="0.001"/>
  <testcase classname="practice.DataProviderPractice" name="createCustomer" time="0.010"/>
  <testcase classname="practice.DataProviderPractice" name="createCustomer" time="0.003"/>
  <testcase classname="practice.DataProviderPractice" name="createCustomer" time="0.002"/>
</testsuite> <!-- practice.DataProviderPractice -->
