<?xml version="1.0" encoding="UTF-8"?>
<!-- Generated by org.testng.reporters.JUnitReportReporter -->
<testsuite hostname="LAPTOP-P55MCDEA" failures="0" tests="1" name="inventoryTests.highestProductToCartTest" time="4.498" errors="0" timestamp="2025-06-17T12:15:15 IST" skipped="0">
  <testcase classname="inventoryTests.highestProductToCartTest" name="tc_002_highestProductToCartTest" time="4.498"/>
</testsuite> <!-- inventoryTests.highestProductToCartTest -->
